c:\users\cjun\dropbox\usmi\v15_rtos\vs_pseudo_v15_sm_debugging\examples\example006\msvc\debug\vc140.pdb
c:\users\cjun\dropbox\usmi\v15_rtos\vs_pseudo_v15_sm_debugging\examples\example006\msvc\debug\vc140.idb
c:\users\cjun\dropbox\usmi\v15_rtos\vs_pseudo_v15_sm_debugging\examples\example006\msvc\debug\list.obj
c:\users\cjun\dropbox\usmi\v15_rtos\vs_pseudo_v15_sm_debugging\examples\example006\msvc\debug\heap_4.obj
c:\users\cjun\dropbox\usmi\v15_rtos\vs_pseudo_v15_sm_debugging\examples\example006\msvc\debug\port.obj
c:\users\cjun\dropbox\usmi\v15_rtos\vs_pseudo_v15_sm_debugging\examples\example006\msvc\debug\queue.obj
c:\users\cjun\dropbox\usmi\v15_rtos\vs_pseudo_v15_sm_debugging\examples\example006\msvc\debug\tasks.obj
c:\users\cjun\dropbox\usmi\v15_rtos\vs_pseudo_v15_sm_debugging\examples\example006\msvc\debug\supporting_functions.obj
c:\users\cjun\dropbox\usmi\v15_rtos\vs_pseudo_v15_sm_debugging\examples\example006\msvc\debug\dc_motor.obj
c:\users\cjun\dropbox\usmi\v15_rtos\vs_pseudo_v15_sm_debugging\examples\example006\msvc\debug\main.obj
c:\users\cjun\dropbox\usmi\v15_rtos\vs_pseudo_v15_sm_debugging\examples\example006\msvc\debug\robotinterface.obj
c:\users\cjun\dropbox\usmi\v15_rtos\vs_pseudo_v15_sm_debugging\debug\v15_state.ilk
c:\users\cjun\dropbox\usmi\v15_rtos\vs_pseudo_v15_sm_debugging\debug\v15_state.exe
c:\users\cjun\dropbox\usmi\v15_rtos\vs_pseudo_v15_sm_debugging\debug\v15_state.pdb
c:\users\cjun\dropbox\usmi\v15_rtos\vs_pseudo_v15_sm_debugging\examples\example006\msvc\debug\v15_state.tlog\cl.command.1.tlog
c:\users\cjun\dropbox\usmi\v15_rtos\vs_pseudo_v15_sm_debugging\examples\example006\msvc\debug\v15_state.tlog\cl.read.1.tlog
c:\users\cjun\dropbox\usmi\v15_rtos\vs_pseudo_v15_sm_debugging\examples\example006\msvc\debug\v15_state.tlog\cl.write.1.tlog
c:\users\cjun\dropbox\usmi\v15_rtos\vs_pseudo_v15_sm_debugging\examples\example006\msvc\debug\v15_state.tlog\link.command.1.tlog
c:\users\cjun\dropbox\usmi\v15_rtos\vs_pseudo_v15_sm_debugging\examples\example006\msvc\debug\v15_state.tlog\link.read.1.tlog
c:\users\cjun\dropbox\usmi\v15_rtos\vs_pseudo_v15_sm_debugging\examples\example006\msvc\debug\v15_state.tlog\link.write.1.tlog
